<?xml version="1.0" encoding="UTF-8"?>
<!-- Generated by org.testng.reporters.JUnitReportReporter -->
<testsuite skipped="0" hostname="DESKTOP-RKIIGUA" name="com.crm.qa.testCases.LoginTest" tests="3" failures="0" timestamp="08 Jan 2023 05:27:51 GMT" time="39.273" errors="0">
  <testcase name="loginPageTitleTest" time="9.060" classname="com.crm.qa.testCases.LoginTest"/>
  <testcase name="CRMLogoImageTest" time="10.674" classname="com.crm.qa.testCases.LoginTest"/>
  <testcase name="loginTest" time="19.539" classname="com.crm.qa.testCases.LoginTest"/>
</testsuite> <!-- com.crm.qa.testCases.LoginTest -->
