<?xml version="1.0" encoding="UTF-8"?>
<!-- Generated by org.testng.reporters.JUnitReportReporter -->
<testsuite hostname="DESKTOP-PV6B69F" failures="0" tests="3" name="com.crm.qa.testCases.LoginTest" time="17.080" errors="0" timestamp="2023-07-04T00:37:36 IST" skipped="0">
  <testcase classname="com.crm.qa.testCases.LoginTest" name="loginPageTitleTest" time="3.494"/>
  <system-out/>
  <testcase classname="com.crm.qa.testCases.LoginTest" name="CRMLogoImageTest" time="4.315"/>
  <system-out/>
  <testcase classname="com.crm.qa.testCases.LoginTest" name="loginTest" time="9.271"/>
  <system-out/>
</testsuite> <!-- com.crm.qa.testCases.LoginTest -->
