<?xml version="1.0" encoding="UTF-8"?>
<!-- Generated by org.testng.reporters.JUnitReportReporter -->
<testsuite skipped="0" hostname="DESKTOP-RKIIGUA" name="com.crm.qa.testCases.LoginTest" tests="3" failures="0" timestamp="2023-02-06T20:08:37 IST" time="39.034" errors="0">
  <testcase name="loginPageTitleTest" time="11.878" classname="com.crm.qa.testCases.LoginTest"/>
  <system-out/>
  <testcase name="CRMLogoImageTest" time="9.671" classname="com.crm.qa.testCases.LoginTest"/>
  <system-out/>
  <testcase name="loginTest" time="17.485" classname="com.crm.qa.testCases.LoginTest"/>
  <system-out/>
</testsuite> <!-- com.crm.qa.testCases.LoginTest -->
