<?xml version="1.0" encoding="UTF-8"?>
<!-- Generated by org.testng.reporters.JUnitReportReporter -->
<testsuite hostname="DESKTOP-RKIIGUA" failures="0" tests="3" name="com.crm.qa.testCases.LoginTest" time="25.086" errors="0" timestamp="2023-01-16T19:58:42 IST" skipped="0">
  <testcase classname="com.crm.qa.testCases.LoginTest" name="loginPageTitleTest" time="6.145"/>
  <system-out/>
  <testcase classname="com.crm.qa.testCases.LoginTest" name="CRMLogoImageTest" time="7.498"/>
  <system-out/>
  <testcase classname="com.crm.qa.testCases.LoginTest" name="loginTest" time="11.443"/>
  <system-out/>
</testsuite> <!-- com.crm.qa.testCases.LoginTest -->
